2017-12-17 22:38:58,901 - companies - INFO - Twitter persist to mysql succeed...
2017-12-17 22:38:58,911 - companies - INFO - Lyft persist to mysql succeed...
2017-12-17 22:38:58,929 - companies - INFO - Coursera persist to mysql succeed...
2017-12-17 22:38:58,938 - companies - INFO - Hootsuite persist to mysql succeed...
2017-12-17 22:38:58,946 - companies - INFO - New Relic persist to mysql succeed...
2017-12-17 22:38:58,955 - companies - INFO - Intel persist to mysql succeed...
2017-12-17 22:38:58,964 - companies - INFO - Mint persist to mysql succeed...
2017-12-17 22:38:58,973 - companies - INFO - Meteor persist to mysql succeed...
2017-12-17 22:38:58,983 - companies - INFO - Best Buy persist to mysql succeed...
2017-12-17 22:38:58,991 - companies - INFO - imgix persist to mysql succeed...
2017-12-17 22:38:59,002 - companies - INFO - Ticketmaster persist to mysql succeed...
2017-12-17 22:38:59,011 - companies - INFO - AdRoll persist to mysql succeed...
2017-12-17 22:38:59,019 - companies - INFO - Sony persist to mysql succeed...
2017-12-17 22:38:59,027 - companies - INFO - Fitocracy persist to mysql succeed...
2017-12-17 22:38:59,036 - companies - INFO - Chargify persist to mysql succeed...
2017-12-17 22:38:59,051 - companies - INFO - Docusign persist to mysql succeed...
2017-12-17 22:38:59,061 - companies - INFO - StumbleUpon persist to mysql succeed...
2017-12-17 22:38:59,069 - companies - INFO - WePay persist to mysql succeed...
2017-12-17 22:38:59,078 - companies - INFO - Balsamiq persist to mysql succeed...
2017-12-17 22:38:59,087 - companies - INFO - bitly persist to mysql succeed...
2017-12-17 22:38:59,096 - companies - INFO - Zaarly persist to mysql succeed...
2017-12-17 22:38:59,105 - companies - INFO - dotCloud persist to mysql succeed...
2017-12-17 22:38:59,113 - companies - INFO - Chartbeat persist to mysql succeed...
2017-12-17 22:38:59,122 - companies - INFO - Desk.com persist to mysql succeed...
2017-12-17 22:38:59,131 - companies - INFO - Litmus persist to mysql succeed...
2017-12-17 22:38:59,139 - companies - INFO - cloudControl persist to mysql succeed...
2017-12-17 22:38:59,148 - companies - INFO - Constant Contact persist to mysql succeed...
2017-12-17 22:38:59,157 - companies - INFO - qik persist to mysql succeed...
2017-12-17 22:38:59,165 - companies - INFO - Cloudmine persist to mysql succeed...
2017-12-17 22:38:59,221 - companies - INFO - Dr. Chrono persist to mysql succeed...
2017-12-17 22:38:59,235 - companies - INFO - SlidePay persist to mysql succeed...
2017-12-17 22:38:59,246 - companies - INFO - Hipmob persist to mysql succeed...
2017-12-17 22:38:59,259 - companies - INFO - ClickTale persist to mysql succeed...
2017-12-17 22:38:59,271 - companies - INFO - Searchify persist to mysql succeed...
2017-12-17 22:38:59,281 - companies - INFO - Spotify persist to mysql succeed...
2017-12-17 22:38:59,291 - companies - INFO - Intuit persist to mysql succeed...
2017-12-17 22:38:59,301 - companies - INFO - CircleCI persist to mysql succeed...
2017-12-17 22:38:59,339 - companies - INFO - ExactTarget persist to mysql succeed...
2017-12-17 22:38:59,351 - companies - INFO - Washington Post persist to mysql succeed...
2017-12-17 22:38:59,366 - companies - INFO - Huffington Post persist to mysql succeed...
2017-12-17 22:38:59,381 - companies - INFO - TVShow Time persist to mysql succeed...
2017-12-17 22:38:59,404 - companies - INFO - GrowthHackers persist to mysql succeed...
2017-12-17 22:38:59,413 - companies - INFO - Udemy persist to mysql succeed...
2017-12-17 22:38:59,424 - companies - INFO - OpenTable persist to mysql succeed...
2017-12-17 22:38:59,435 - companies - INFO - Docker persist to mysql succeed...
2017-12-17 22:38:59,445 - companies - INFO - App.io persist to mysql succeed...
2017-12-17 22:38:59,459 - companies - INFO - Alibaba.com persist to mysql succeed...
2017-12-17 22:38:59,470 - companies - INFO - Upworthy persist to mysql succeed...
2017-12-17 22:38:59,485 - companies - INFO - Twitter Bootstrap persist to mysql succeed...
2017-12-17 22:38:59,495 - companies - INFO - Qualaroo persist to mysql succeed...
2017-12-17 22:38:59,511 - companies - INFO - StackShare persist to mysql succeed...
2017-12-17 22:38:59,525 - companies - INFO - Everlane persist to mysql succeed...
2017-12-17 22:38:59,539 - companies - INFO - StartupCommunity.org persist to mysql succeed...
2017-12-17 22:38:59,550 - companies - INFO - Comptoir Français du Disque Indépendant persist to mysql succeed...
2017-12-17 22:38:59,565 - companies - INFO - Drillist.com persist to mysql succeed...
2017-12-17 22:38:59,574 - companies - INFO - eTobb persist to mysql succeed...
2017-12-17 22:38:59,584 - companies - INFO - Thingr persist to mysql succeed...
2017-12-17 22:38:59,594 - companies - INFO - UNION persist to mysql succeed...
2017-12-17 22:38:59,604 - companies - INFO - Web Site - MovieLaLa.com persist to mysql succeed...
2017-12-17 22:38:59,617 - companies - INFO - Verba persist to mysql succeed...
2017-12-17 22:38:59,629 - companies - INFO - Improvely persist to mysql succeed...
2017-12-17 22:38:59,643 - companies - INFO - Invitespring persist to mysql succeed...
2017-12-17 22:38:59,674 - companies - INFO - Kobra.io Stack persist to mysql succeed...
2017-12-17 22:38:59,688 - companies - INFO - Ansible Development Stack persist to mysql succeed...
2017-12-17 22:38:59,702 - companies - INFO - Web Applications persist to mysql succeed...
2017-12-17 22:38:59,722 - companies - INFO - CameraLends persist to mysql succeed...
2017-12-17 22:38:59,733 - companies - INFO - Ether.Fund persist to mysql succeed...
2017-12-17 22:38:59,744 - companies - INFO - Bidaway persist to mysql succeed...
2017-12-17 22:38:59,756 - companies - INFO - Key Location persist to mysql succeed...
2017-12-17 22:38:59,767 - companies - INFO - Rollbar persist to mysql succeed...
2017-12-17 22:38:59,778 - companies - INFO - OpenLabel persist to mysql succeed...
2017-12-17 22:38:59,789 - companies - INFO - Positionly persist to mysql succeed...
2017-12-17 22:38:59,799 - companies - INFO - SimpleCrypto persist to mysql succeed...
2017-12-17 22:38:59,807 - companies - INFO - Printavo persist to mysql succeed...
2017-12-17 22:38:59,815 - companies - INFO - LiveMinutes persist to mysql succeed...
2017-12-17 22:38:59,823 - companies - INFO - Webedia persist to mysql succeed...
2017-12-17 22:38:59,833 - companies - INFO - Vine persist to mysql succeed...
2017-12-17 22:38:59,842 - companies - INFO - HelloReceipts persist to mysql succeed...
2017-12-17 22:38:59,854 - companies - INFO - Sensor Tower persist to mysql succeed...
2017-12-17 22:38:59,864 - companies - INFO - ClosingBell persist to mysql succeed...
2017-12-17 22:38:59,874 - companies - INFO - Twitter persist to mysql succeed...
2017-12-17 22:38:59,886 - companies - INFO - Lyft persist to mysql succeed...
2017-12-17 22:38:59,897 - companies - INFO - Coursera persist to mysql succeed...
2017-12-17 22:38:59,908 - companies - INFO - Hootsuite persist to mysql succeed...
2017-12-17 22:38:59,917 - companies - INFO - New Relic persist to mysql succeed...
2017-12-17 22:38:59,928 - companies - INFO - Intel persist to mysql succeed...
2017-12-17 22:38:59,940 - companies - INFO - Mint persist to mysql succeed...
2017-12-17 22:38:59,950 - companies - INFO - Meteor persist to mysql succeed...
2017-12-17 22:38:59,960 - companies - INFO - Best Buy persist to mysql succeed...
2017-12-17 22:38:59,969 - companies - INFO - imgix persist to mysql succeed...
2017-12-17 22:38:59,980 - companies - INFO - Ticketmaster persist to mysql succeed...
2017-12-17 22:38:59,991 - companies - INFO - AdRoll persist to mysql succeed...
2017-12-17 22:39:00,001 - companies - INFO - Sony persist to mysql succeed...
2017-12-17 22:39:00,010 - companies - INFO - Fitocracy persist to mysql succeed...
2017-12-17 22:39:00,020 - companies - INFO - Chargify persist to mysql succeed...
2017-12-17 22:39:00,028 - companies - INFO - Docusign persist to mysql succeed...
2017-12-17 22:39:00,037 - companies - INFO - StumbleUpon persist to mysql succeed...
2017-12-17 22:39:00,046 - companies - INFO - WePay persist to mysql succeed...
2017-12-17 22:39:00,055 - companies - INFO - Balsamiq persist to mysql succeed...
2017-12-17 22:39:00,063 - companies - INFO - bitly persist to mysql succeed...
2017-12-17 22:39:00,074 - companies - INFO - Zaarly persist to mysql succeed...
2017-12-17 22:39:00,084 - companies - INFO - dotCloud persist to mysql succeed...
2017-12-17 22:39:00,098 - companies - INFO - Chartbeat persist to mysql succeed...
2017-12-17 22:39:00,109 - companies - INFO - Desk.com persist to mysql succeed...
2017-12-17 22:39:00,121 - companies - INFO - Litmus persist to mysql succeed...
2017-12-17 22:39:00,132 - companies - INFO - cloudControl persist to mysql succeed...
2017-12-17 22:39:00,153 - companies - INFO - Constant Contact persist to mysql succeed...
2017-12-17 22:39:00,171 - companies - INFO - qik persist to mysql succeed...
2017-12-17 22:39:00,187 - companies - INFO - Cloudmine persist to mysql succeed...
2017-12-17 22:39:00,200 - companies - INFO - Dr. Chrono persist to mysql succeed...
2017-12-17 22:39:00,214 - companies - INFO - SlidePay persist to mysql succeed...
2017-12-17 22:39:00,226 - companies - INFO - Hipmob persist to mysql succeed...
2017-12-17 22:39:00,237 - companies - INFO - ClickTale persist to mysql succeed...
2017-12-17 22:39:00,248 - companies - INFO - Searchify persist to mysql succeed...
2017-12-17 22:39:00,259 - companies - INFO - Spotify persist to mysql succeed...
2017-12-17 22:39:00,271 - companies - INFO - Intuit persist to mysql succeed...
2017-12-17 22:39:00,284 - companies - INFO - CircleCI persist to mysql succeed...
2017-12-17 22:39:00,297 - companies - INFO - ExactTarget persist to mysql succeed...
2017-12-17 22:39:00,312 - companies - INFO - Washington Post persist to mysql succeed...
2017-12-17 22:39:00,324 - companies - INFO - Huffington Post persist to mysql succeed...
2017-12-17 22:39:00,338 - companies - INFO - TVShow Time persist to mysql succeed...
2017-12-17 22:39:00,352 - companies - INFO - GrowthHackers persist to mysql succeed...
2017-12-17 22:39:00,366 - companies - INFO - Udemy persist to mysql succeed...
2017-12-17 22:39:00,376 - companies - INFO - OpenTable persist to mysql succeed...
2017-12-17 22:39:00,389 - companies - INFO - Docker persist to mysql succeed...
2017-12-17 22:39:00,402 - companies - INFO - App.io persist to mysql succeed...
2017-12-17 22:39:00,413 - companies - INFO - Alibaba.com persist to mysql succeed...
2017-12-17 22:39:00,421 - companies - INFO - Upworthy persist to mysql succeed...
2017-12-17 22:39:00,429 - companies - INFO - Twitter Bootstrap persist to mysql succeed...
2017-12-17 22:39:00,444 - companies - INFO - Qualaroo persist to mysql succeed...
2017-12-17 22:39:00,457 - companies - INFO - StackShare persist to mysql succeed...
2017-12-17 22:39:00,466 - companies - INFO - Everlane persist to mysql succeed...
2017-12-17 22:39:00,474 - companies - INFO - StartupCommunity.org persist to mysql succeed...
2017-12-17 22:39:00,484 - companies - INFO - Comptoir Français du Disque Indépendant persist to mysql succeed...
2017-12-17 22:39:00,496 - companies - INFO - Drillist.com persist to mysql succeed...
2017-12-17 22:39:00,508 - companies - INFO - eTobb persist to mysql succeed...
2017-12-17 22:39:00,520 - companies - INFO - Thingr persist to mysql succeed...
2017-12-17 22:39:00,530 - companies - INFO - UNION persist to mysql succeed...
2017-12-17 22:39:00,542 - companies - INFO - Web Site - MovieLaLa.com persist to mysql succeed...
2017-12-17 22:39:00,556 - companies - INFO - Verba persist to mysql succeed...
2017-12-17 22:39:00,568 - companies - INFO - Improvely persist to mysql succeed...
2017-12-17 22:39:00,579 - companies - INFO - Invitespring persist to mysql succeed...
2017-12-17 22:39:00,590 - companies - INFO - Kobra.io Stack persist to mysql succeed...
2017-12-17 22:39:00,602 - companies - INFO - Ansible Development Stack persist to mysql succeed...
2017-12-17 22:39:00,610 - companies - INFO - Web Applications persist to mysql succeed...
2017-12-17 22:39:00,619 - companies - INFO - CameraLends persist to mysql succeed...
2017-12-17 22:39:00,628 - companies - INFO - Ether.Fund persist to mysql succeed...
2017-12-17 22:39:00,637 - companies - INFO - Bidaway persist to mysql succeed...
2017-12-17 22:39:00,646 - companies - INFO - Key Location persist to mysql succeed...
2017-12-17 22:39:00,655 - companies - INFO - Rollbar persist to mysql succeed...
2017-12-17 22:39:00,666 - companies - INFO - OpenLabel persist to mysql succeed...
2017-12-17 22:39:00,674 - companies - INFO - Positionly persist to mysql succeed...
2017-12-17 22:39:00,686 - companies - INFO - SimpleCrypto persist to mysql succeed...
2017-12-17 22:39:00,696 - companies - INFO - Printavo persist to mysql succeed...
2017-12-17 22:39:00,710 - companies - INFO - LiveMinutes persist to mysql succeed...
2017-12-17 22:39:00,721 - companies - INFO - Webedia persist to mysql succeed...
2017-12-17 22:39:00,733 - companies - INFO - Vine persist to mysql succeed...
2017-12-17 22:39:00,744 - companies - INFO - HelloReceipts persist to mysql succeed...
2017-12-17 22:39:00,754 - companies - INFO - Sensor Tower persist to mysql succeed...
2017-12-17 22:39:00,766 - companies - INFO - ClosingBell persist to mysql succeed...
2017-12-17 22:40:09,762 - companies - INFO - Twitter persist to mysql succeed...
2017-12-17 22:40:09,777 - companies - INFO - Lyft persist to mysql succeed...
2017-12-17 22:40:09,792 - companies - INFO - Coursera persist to mysql succeed...
2017-12-17 22:40:09,801 - companies - INFO - Hootsuite persist to mysql succeed...
2017-12-17 22:40:09,810 - companies - INFO - New Relic persist to mysql succeed...
2017-12-17 22:40:09,818 - companies - INFO - Intel persist to mysql succeed...
2017-12-17 22:40:09,827 - companies - INFO - Mint persist to mysql succeed...
2017-12-17 22:40:09,835 - companies - INFO - Meteor persist to mysql succeed...
2017-12-17 22:40:09,843 - companies - INFO - Best Buy persist to mysql succeed...
2017-12-17 22:40:09,850 - companies - INFO - imgix persist to mysql succeed...
2017-12-17 22:40:09,858 - companies - INFO - Ticketmaster persist to mysql succeed...
2017-12-17 22:40:09,865 - companies - INFO - AdRoll persist to mysql succeed...
2017-12-17 22:40:09,873 - companies - INFO - Sony persist to mysql succeed...
2017-12-17 22:40:09,880 - companies - INFO - Fitocracy persist to mysql succeed...
2017-12-17 22:40:09,887 - companies - INFO - Chargify persist to mysql succeed...
2017-12-17 22:40:09,895 - companies - INFO - Docusign persist to mysql succeed...
2017-12-17 22:40:09,902 - companies - INFO - StumbleUpon persist to mysql succeed...
2017-12-17 22:40:09,910 - companies - INFO - WePay persist to mysql succeed...
2017-12-17 22:40:09,918 - companies - INFO - Balsamiq persist to mysql succeed...
2017-12-17 22:40:09,926 - companies - INFO - bitly persist to mysql succeed...
2017-12-17 22:40:09,935 - companies - INFO - Zaarly persist to mysql succeed...
2017-12-17 22:40:09,944 - companies - INFO - dotCloud persist to mysql succeed...
2017-12-17 22:40:09,953 - companies - INFO - Chartbeat persist to mysql succeed...
2017-12-17 22:40:09,961 - companies - INFO - Desk.com persist to mysql succeed...
2017-12-17 22:40:09,971 - companies - INFO - Litmus persist to mysql succeed...
2017-12-17 22:40:09,980 - companies - INFO - cloudControl persist to mysql succeed...
2017-12-17 22:40:09,989 - companies - INFO - Constant Contact persist to mysql succeed...
2017-12-17 22:40:09,997 - companies - INFO - qik persist to mysql succeed...
2017-12-17 22:40:10,006 - companies - INFO - Cloudmine persist to mysql succeed...
2017-12-17 22:40:10,016 - companies - INFO - Dr. Chrono persist to mysql succeed...
2017-12-17 22:40:10,028 - companies - INFO - SlidePay persist to mysql succeed...
2017-12-17 22:40:10,037 - companies - INFO - Hipmob persist to mysql succeed...
2017-12-17 22:40:10,046 - companies - INFO - ClickTale persist to mysql succeed...
2017-12-17 22:40:10,054 - companies - INFO - Searchify persist to mysql succeed...
2017-12-17 22:40:10,062 - companies - INFO - Spotify persist to mysql succeed...
2017-12-17 22:40:10,070 - companies - INFO - Intuit persist to mysql succeed...
2017-12-17 22:40:10,079 - companies - INFO - CircleCI persist to mysql succeed...
2017-12-17 22:40:10,086 - companies - INFO - ExactTarget persist to mysql succeed...
2017-12-17 22:40:10,094 - companies - INFO - Washington Post persist to mysql succeed...
2017-12-17 22:40:10,102 - companies - INFO - Huffington Post persist to mysql succeed...
2017-12-17 22:40:10,109 - companies - INFO - TVShow Time persist to mysql succeed...
2017-12-17 22:40:10,117 - companies - INFO - GrowthHackers persist to mysql succeed...
2017-12-17 22:40:10,125 - companies - INFO - Udemy persist to mysql succeed...
2017-12-17 22:40:10,134 - companies - INFO - OpenTable persist to mysql succeed...
2017-12-17 22:40:10,143 - companies - INFO - Docker persist to mysql succeed...
2017-12-17 22:40:10,152 - companies - INFO - App.io persist to mysql succeed...
2017-12-17 22:40:10,160 - companies - INFO - Alibaba.com persist to mysql succeed...
2017-12-17 22:40:10,167 - companies - INFO - Upworthy persist to mysql succeed...
2017-12-17 22:40:10,180 - companies - INFO - Twitter Bootstrap persist to mysql succeed...
2017-12-17 22:40:10,190 - companies - INFO - Qualaroo persist to mysql succeed...
2017-12-17 22:40:10,199 - companies - INFO - StackShare persist to mysql succeed...
2017-12-17 22:40:10,207 - companies - INFO - Everlane persist to mysql succeed...
2017-12-17 22:40:10,216 - companies - INFO - StartupCommunity.org persist to mysql succeed...
2017-12-17 22:40:10,226 - companies - INFO - Comptoir Français du Disque Indépendant persist to mysql succeed...
2017-12-17 22:40:10,237 - companies - INFO - Drillist.com persist to mysql succeed...
2017-12-17 22:40:10,246 - companies - INFO - eTobb persist to mysql succeed...
2017-12-17 22:40:10,256 - companies - INFO - Thingr persist to mysql succeed...
2017-12-17 22:40:10,265 - companies - INFO - UNION persist to mysql succeed...
2017-12-17 22:40:10,274 - companies - INFO - Web Site - MovieLaLa.com persist to mysql succeed...
2017-12-17 22:40:10,282 - companies - INFO - Verba persist to mysql succeed...
2017-12-17 22:40:10,291 - companies - INFO - Improvely persist to mysql succeed...
2017-12-17 22:40:10,300 - companies - INFO - Invitespring persist to mysql succeed...
2017-12-17 22:40:10,309 - companies - INFO - Kobra.io Stack persist to mysql succeed...
2017-12-17 22:40:10,318 - companies - INFO - Ansible Development Stack persist to mysql succeed...
2017-12-17 22:40:10,328 - companies - INFO - Web Applications persist to mysql succeed...
2017-12-17 22:40:10,336 - companies - INFO - CameraLends persist to mysql succeed...
2017-12-17 22:40:10,347 - companies - INFO - Ether.Fund persist to mysql succeed...
2017-12-17 22:40:10,359 - companies - INFO - Bidaway persist to mysql succeed...
2017-12-17 22:40:10,368 - companies - INFO - Key Location persist to mysql succeed...
2017-12-17 22:40:10,380 - companies - INFO - Rollbar persist to mysql succeed...
2017-12-17 22:40:10,390 - companies - INFO - OpenLabel persist to mysql succeed...
2017-12-17 22:40:10,403 - companies - INFO - Positionly persist to mysql succeed...
2017-12-17 22:40:10,417 - companies - INFO - SimpleCrypto persist to mysql succeed...
2017-12-17 22:40:10,426 - companies - INFO - Printavo persist to mysql succeed...
2017-12-17 22:40:10,439 - companies - INFO - LiveMinutes persist to mysql succeed...
2017-12-17 22:40:10,448 - companies - INFO - Webedia persist to mysql succeed...
2017-12-17 22:40:10,461 - companies - INFO - Vine persist to mysql succeed...
2017-12-17 22:40:10,470 - companies - INFO - HelloReceipts persist to mysql succeed...
2017-12-17 22:40:10,485 - companies - INFO - Sensor Tower persist to mysql succeed...
2017-12-17 22:40:10,494 - companies - INFO - ClosingBell persist to mysql succeed...
2017-12-17 22:40:10,504 - companies - INFO - Twitter persist to mysql succeed...
2017-12-17 22:40:10,514 - companies - INFO - Lyft persist to mysql succeed...
2017-12-17 22:40:10,535 - companies - INFO - Coursera persist to mysql succeed...
2017-12-17 22:40:10,546 - companies - INFO - Hootsuite persist to mysql succeed...
